<?xml version="1.0" encoding="UTF-8"?>
<!-- Generated by org.testng.reporters.JUnitXMLReporter -->
<testsuite hostname="Neeraj-PC" name="Test" tests="3" failures="0" timestamp="26 Feb 2018 14:09:25 GMT" time="59.773" errors="0">
  <testcase name="@BeforeClass setUp" time="0.0" classname="com.testng.TestA">
    <failure type="org.openqa.selenium.WebDriverException" message="Failed to connect to binary FirefoxBinary(C:\Program Files\Mozilla Firefox\firefox.exe) on port 7055; process output follows: 
alse,&amp;quot;strictCompatibility&amp;quot;:true,&amp;quot;locales&amp;quot;:[],&amp;quot;targetApplications&amp;quot;:[{&amp;quot;id&amp;quot;:&amp;quot;{ec8030f7-c20a-464f-9b0e-13a3a9e97384}&amp;quot;,&amp;quot;minVersion&amp;quot;:&amp;quot;58.0.1&amp;quot;,&amp;quot;maxVersion&amp;quot;:&amp;quot;58.0.1&amp;quot;}],&amp;quot;targetPlatforms&amp;quot;:[],&amp;quot;seen&amp;quot;:true,&amp;quot;dependencies&amp;quot;:[],&amp;quot;hasEmbeddedWebExtension&amp;quot;:false,&amp;quot;userPermissions&amp;quot;:null,&amp;quot;icons&amp;quot;:{},&amp;quot;iconURL&amp;quot;:&amp;quot;chrome://browser/content/default-theme-icon.svg&amp;quot;,&amp;quot;icon64URL&amp;quot;:null,&amp;quot;blocklistState&amp;quot;:0,&amp;quot;blocklistURL&amp;quot;:null,&amp;quot;startupData&amp;quot;:null}
1519654132114	addons.xpi	DEBUG	Updating database with changes to installed add-ons
1519654132114	addons.xpi-utils	DEBUG	Updating add-on states
1519654132145	addons.xpi	DEBUG	Registering manifest for C:\Program Files\Mozilla Firefox\browser\features\activity-stream@mozilla.org.xpi
1519654132149	addons.xpi	DEBUG	Calling bootstrap method startup on activity-stream@mozilla.org version 2018.01.04.0062-4997c81d
1519654132152	addons.xpi	DEBUG	Registering manifest for C:\Program Files\Mozilla Firefox\browser\features\aushelper@mozilla.org.xpi
1519654132153	addons.xpi	DEBUG	Calling bootstrap method startup on aushelper@mozilla.org version 2.0
1519654132231	addons.xpi	DEBUG	Registering manifest for C:\Program Files\Mozilla Firefox\browser\features\firefox@getpocket.com.xpi
1519654132234	addons.xpi	DEBUG	Calling bootstrap method startup on firefox@getpocket.com version 1.0.5
1519654132688	addons.xpi	DEBUG	Registering manifest for C:\Program Files\Mozilla Firefox\browser\features\followonsearch@mozilla.com.xpi
1519654132689	addons.xpi	DEBUG	Calling bootstrap method startup on followonsearch@mozilla.com version 0.9.6
1519654132691	addons.xpi	DEBUG	Registering manifest for C:\Program Files\Mozilla Firefox\browser\features\formautofill@mozilla.org.xpi
1519654132693	addons.xpi	DEBUG	Calling bootstrap method startup on formautofill@mozilla.org version 1.0
1519654132707	addons.xpi	DEBUG	Registering manifest for C:\Program Files\Mozilla Firefox\browser\features\onboarding@mozilla.org.xpi
1519654132709	addons.xpi	DEBUG	Calling bootstrap method startup on onboarding@mozilla.org version 1.0
1519654132710	addons.xpi	DEBUG	Registering manifest for C:\Program Files\Mozilla Firefox\browser\features\screenshots@mozilla.org.xpi
1519654132712	addons.xpi	DEBUG	Calling bootstrap method startup on screenshots@mozilla.org version 25.0.0
1519654132713	addons.xpi	DEBUG	Registering manifest for C:\Program Files\Mozilla Firefox\browser\features\shield-recipe-client@mozilla.org.xpi
1519654132715	addons.xpi	DEBUG	Calling bootstrap method startup on shield-recipe-client@mozilla.org version 76.1
1519654132736	addons.xpi	DEBUG	Registering manifest for C:\Program Files\Mozilla Firefox\browser\features\webcompat@mozilla.org.xpi
1519654132738	addons.xpi	DEBUG	Calling bootstrap method startup on webcompat@mozilla.org version 1.1
1519654132757	addons.manager	DEBUG	Registering shutdown blocker for XPIProvider
1519654132758	addons.manager	DEBUG	Provider finished startup: XPIProvider
1519654132758	addons.manager	DEBUG	Starting provider: LightweightThemeManager
1519654132758	addons.manager	DEBUG	Registering shutdown blocker for LightweightThemeManager
1519654132759	addons.manager	DEBUG	Provider finished startup: LightweightThemeManager
1519654132760	addons.manager	DEBUG	Starting provider: GMPProvider
1519654132819	addons.manager	DEBUG	Registering shutdown blocker for GMPProvider
1519654132820	addons.manager	DEBUG	Provider finished startup: GMPProvider
1519654132820	addons.manager	DEBUG	Starting provider: PluginProvider
1519654132821	addons.manager	DEBUG	Registering shutdown blocker for PluginProvider
1519654132821	addons.manager	DEBUG	Provider finished startup: PluginProvider
1519654132823	addons.manager	DEBUG	Completed startup sequence
Unable to read VR Path Registry from C:\Users\Neeraj Jaswal\AppData\Local\openvr\openvrpaths.vrpath
Unable to read VR Path Registry from C:\Users\Neeraj Jaswal\AppData\Local\openvr\openvrpaths.vrpath
Unable to read VR Path Registry from C:\Users\Neeraj Jaswal\AppData\Local\openvr\openvrpaths.vrpath
Unable to read VR Path Registry from C:\Users\Neeraj Jaswal\AppData\Local\openvr\openvrpaths.vrpath

Build info: version: &amp;apos;2.52.0&amp;apos;, revision: &amp;apos;4c2593c&amp;apos;, time: &amp;apos;2016-02-11 19:06:42&amp;apos;
System info: host: &amp;apos;Neeraj-PC&amp;apos;, ip: &amp;apos;192.168.0.105&amp;apos;, os.name: &amp;apos;Windows 10&amp;apos;, os.arch: &amp;apos;amd64&amp;apos;, os.version: &amp;apos;10.0&amp;apos;, java.version: &amp;apos;1.8.0_151&amp;apos;
Driver info: driver.version: FirefoxDriver">
      <![CDATA[org.openqa.selenium.WebDriverException: Failed to connect to binary FirefoxBinary(C:\Program Files\Mozilla Firefox\firefox.exe) on port 7055; process output follows: 
alse,"strictCompatibility":true,"locales":[],"targetApplications":[{"id":"{ec8030f7-c20a-464f-9b0e-13a3a9e97384}","minVersion":"58.0.1","maxVersion":"58.0.1"}],"targetPlatforms":[],"seen":true,"dependencies":[],"hasEmbeddedWebExtension":false,"userPermissions":null,"icons":{},"iconURL":"chrome://browser/content/default-theme-icon.svg","icon64URL":null,"blocklistState":0,"blocklistURL":null,"startupData":null}
1519654132114	addons.xpi	DEBUG	Updating database with changes to installed add-ons
1519654132114	addons.xpi-utils	DEBUG	Updating add-on states
1519654132145	addons.xpi	DEBUG	Registering manifest for C:\Program Files\Mozilla Firefox\browser\features\activity-stream@mozilla.org.xpi
1519654132149	addons.xpi	DEBUG	Calling bootstrap method startup on activity-stream@mozilla.org version 2018.01.04.0062-4997c81d
1519654132152	addons.xpi	DEBUG	Registering manifest for C:\Program Files\Mozilla Firefox\browser\features\aushelper@mozilla.org.xpi
1519654132153	addons.xpi	DEBUG	Calling bootstrap method startup on aushelper@mozilla.org version 2.0
1519654132231	addons.xpi	DEBUG	Registering manifest for C:\Program Files\Mozilla Firefox\browser\features\firefox@getpocket.com.xpi
1519654132234	addons.xpi	DEBUG	Calling bootstrap method startup on firefox@getpocket.com version 1.0.5
1519654132688	addons.xpi	DEBUG	Registering manifest for C:\Program Files\Mozilla Firefox\browser\features\followonsearch@mozilla.com.xpi
1519654132689	addons.xpi	DEBUG	Calling bootstrap method startup on followonsearch@mozilla.com version 0.9.6
1519654132691	addons.xpi	DEBUG	Registering manifest for C:\Program Files\Mozilla Firefox\browser\features\formautofill@mozilla.org.xpi
1519654132693	addons.xpi	DEBUG	Calling bootstrap method startup on formautofill@mozilla.org version 1.0
1519654132707	addons.xpi	DEBUG	Registering manifest for C:\Program Files\Mozilla Firefox\browser\features\onboarding@mozilla.org.xpi
1519654132709	addons.xpi	DEBUG	Calling bootstrap method startup on onboarding@mozilla.org version 1.0
1519654132710	addons.xpi	DEBUG	Registering manifest for C:\Program Files\Mozilla Firefox\browser\features\screenshots@mozilla.org.xpi
1519654132712	addons.xpi	DEBUG	Calling bootstrap method startup on screenshots@mozilla.org version 25.0.0
1519654132713	addons.xpi	DEBUG	Registering manifest for C:\Program Files\Mozilla Firefox\browser\features\shield-recipe-client@mozilla.org.xpi
1519654132715	addons.xpi	DEBUG	Calling bootstrap method startup on shield-recipe-client@mozilla.org version 76.1
1519654132736	addons.xpi	DEBUG	Registering manifest for C:\Program Files\Mozilla Firefox\browser\features\webcompat@mozilla.org.xpi
1519654132738	addons.xpi	DEBUG	Calling bootstrap method startup on webcompat@mozilla.org version 1.1
1519654132757	addons.manager	DEBUG	Registering shutdown blocker for XPIProvider
1519654132758	addons.manager	DEBUG	Provider finished startup: XPIProvider
1519654132758	addons.manager	DEBUG	Starting provider: LightweightThemeManager
1519654132758	addons.manager	DEBUG	Registering shutdown blocker for LightweightThemeManager
1519654132759	addons.manager	DEBUG	Provider finished startup: LightweightThemeManager
1519654132760	addons.manager	DEBUG	Starting provider: GMPProvider
1519654132819	addons.manager	DEBUG	Registering shutdown blocker for GMPProvider
1519654132820	addons.manager	DEBUG	Provider finished startup: GMPProvider
1519654132820	addons.manager	DEBUG	Starting provider: PluginProvider
1519654132821	addons.manager	DEBUG	Registering shutdown blocker for PluginProvider
1519654132821	addons.manager	DEBUG	Provider finished startup: PluginProvider
1519654132823	addons.manager	DEBUG	Completed startup sequence
Unable to read VR Path Registry from C:\Users\Neeraj Jaswal\AppData\Local\openvr\openvrpaths.vrpath
Unable to read VR Path Registry from C:\Users\Neeraj Jaswal\AppData\Local\openvr\openvrpaths.vrpath
Unable to read VR Path Registry from C:\Users\Neeraj Jaswal\AppData\Local\openvr\openvrpaths.vrpath
Unable to read VR Path Registry from C:\Users\Neeraj Jaswal\AppData\Local\openvr\openvrpaths.vrpath

Build info: version: '2.52.0', revision: '4c2593c', time: '2016-02-11 19:06:42'
System info: host: 'Neeraj-PC', ip: '192.168.0.105', os.name: 'Windows 10', os.arch: 'amd64', os.version: '10.0', java.version: '1.8.0_151'
Driver info: driver.version: FirefoxDriver
	at org.openqa.selenium.firefox.internal.NewProfileExtensionConnection.start(NewProfileExtensionConnection.java:124)
	at org.openqa.selenium.firefox.FirefoxDriver.startClient(FirefoxDriver.java:271)
	at org.openqa.selenium.remote.RemoteWebDriver.<init>(RemoteWebDriver.java:119)
	at org.openqa.selenium.firefox.FirefoxDriver.<init>(FirefoxDriver.java:218)
	at org.openqa.selenium.firefox.FirefoxDriver.<init>(FirefoxDriver.java:211)
	at org.openqa.selenium.firefox.FirefoxDriver.<init>(FirefoxDriver.java:207)
	at org.openqa.selenium.firefox.FirefoxDriver.<init>(FirefoxDriver.java:120)
	at com.testng.BrowserClass.getBrowser(BrowserClass.java:19)
	at com.testng.TestA.setUp(TestA.java:19)
Caused by: org.openqa.selenium.firefox.NotConnectedException: Unable to connect to host 127.0.0.1 on port 7055 after 45000 ms. Firefox console output:
alse,"strictCompatibility":true,"locales":[],"targetApplications":[{"id":"{ec8030f7-c20a-464f-9b0e-13a3a9e97384}","minVersion":"58.0.1","maxVersion":"58.0.1"}],"targetPlatforms":[],"seen":true,"dependencies":[],"hasEmbeddedWebExtension":false,"userPermissions":null,"icons":{},"iconURL":"chrome://browser/content/default-theme-icon.svg","icon64URL":null,"blocklistState":0,"blocklistURL":null,"startupData":null}
1519654132114	addons.xpi	DEBUG	Updating database with changes to installed add-ons
1519654132114	addons.xpi-utils	DEBUG	Updating add-on states
1519654132145	addons.xpi	DEBUG	Registering manifest for C:\Program Files\Mozilla Firefox\browser\features\activity-stream@mozilla.org.xpi
1519654132149	addons.xpi	DEBUG	Calling bootstrap method startup on activity-stream@mozilla.org version 2018.01.04.0062-4997c81d
1519654132152	addons.xpi	DEBUG	Registering manifest for C:\Program Files\Mozilla Firefox\browser\features\aushelper@mozilla.org.xpi
1519654132153	addons.xpi	DEBUG	Calling bootstrap method startup on aushelper@mozilla.org version 2.0
1519654132231	addons.xpi	DEBUG	Registering manifest for C:\Program Files\Mozilla Firefox\browser\features\firefox@getpocket.com.xpi
1519654132234	addons.xpi	DEBUG	Calling bootstrap method startup on firefox@getpocket.com version 1.0.5
1519654132688	addons.xpi	DEBUG	Registering manifest for C:\Program Files\Mozilla Firefox\browser\features\followonsearch@mozilla.com.xpi
1519654132689	addons.xpi	DEBUG	Calling bootstrap method startup on followonsearch@mozilla.com version 0.9.6
1519654132691	addons.xpi	DEBUG	Registering manifest for C:\Program Files\Mozilla Firefox\browser\features\formautofill@mozilla.org.xpi
1519654132693	addons.xpi	DEBUG	Calling bootstrap method startup on formautofill@mozilla.org version 1.0
1519654132707	addons.xpi	DEBUG	Registering manifest for C:\Program Files\Mozilla Firefox\browser\features\onboarding@mozilla.org.xpi
1519654132709	addons.xpi	DEBUG	Calling bootstrap method startup on onboarding@mozilla.org version 1.0
1519654132710	addons.xpi	DEBUG	Registering manifest for C:\Program Files\Mozilla Firefox\browser\features\screenshots@mozilla.org.xpi
1519654132712	addons.xpi	DEBUG	Calling bootstrap method startup on screenshots@mozilla.org version 25.0.0
1519654132713	addons.xpi	DEBUG	Registering manifest for C:\Program Files\Mozilla Firefox\browser\features\shield-recipe-client@mozilla.org.xpi
1519654132715	addons.xpi	DEBUG	Calling bootstrap method startup on shield-recipe-client@mozilla.org version 76.1
1519654132736	addons.xpi	DEBUG	Registering manifest for C:\Program Files\Mozilla Firefox\browser\features\webcompat@mozilla.org.xpi
1519654132738	addons.xpi	DEBUG	Calling bootstrap method startup on webcompat@mozilla.org version 1.1
1519654132757	addons.manager	DEBUG	Registering shutdown blocker for XPIProvider
1519654132758	addons.manager	DEBUG	Provider finished startup: XPIProvider
1519654132758	addons.manager	DEBUG	Starting provider: LightweightThemeManager
1519654132758	addons.manager	DEBUG	Registering shutdown blocker for LightweightThemeManager
1519654132759	addons.manager	DEBUG	Provider finished startup: LightweightThemeManager
1519654132760	addons.manager	DEBUG	Starting provider: GMPProvider
1519654132819	addons.manager	DEBUG	Registering shutdown blocker for GMPProvider
1519654132820	addons.manager	DEBUG	Provider finished startup: GMPProvider
1519654132820	addons.manager	DEBUG	Starting provider: PluginProvider
1519654132821	addons.manager	DEBUG	Registering shutdown blocker for PluginProvider
1519654132821	addons.manager	DEBUG	Provider finished startup: PluginProvider
1519654132823	addons.manager	DEBUG	Completed startup sequence
Unable to read VR Path Registry from C:\Users\Neeraj Jaswal\AppData\Local\openvr\openvrpaths.vrpath
Unable to read VR Path Registry from C:\Users\Neeraj Jaswal\AppData\Local\openvr\openvrpaths.vrpath
Unable to read VR Path Registry from C:\Users\Neeraj Jaswal\AppData\Local\openvr\openvrpaths.vrpath
Unable to read VR Path Registry from C:\Users\Neeraj Jaswal\AppData\Local\openvr\openvrpaths.vrpath

	at org.openqa.selenium.firefox.internal.NewProfileExtensionConnection.start(NewProfileExtensionConnection.java:112)
	... 31 more
... Removed 23 stack frames]]>
    </failure>
  </testcase> <!-- @BeforeClass setUp -->
  <testcase name="@AfterClass tearDown" time="0.0" classname="com.testng.TestA">
    <skipped/>
  </testcase> <!-- @AfterClass tearDown -->
  <testcase name="@BeforeClass setUp" time="0.0" classname="com.testng.TestB">
    <failure type="java.lang.IllegalStateException" message="The driver executable does not exist: F:\SeleniumPrograms\TestNg\lib\chromedriver.exe">
      <![CDATA[java.lang.IllegalStateException: The driver executable does not exist: F:\SeleniumPrograms\TestNg\lib\chromedriver.exe
	at com.google.common.base.Preconditions.checkState(Preconditions.java:199)
	at org.openqa.selenium.remote.service.DriverService.checkExecutable(DriverService.java:121)
	at org.openqa.selenium.remote.service.DriverService.findExecutable(DriverService.java:116)
	at org.openqa.selenium.chrome.ChromeDriverService.access$0(ChromeDriverService.java:1)
	at org.openqa.selenium.chrome.ChromeDriverService$Builder.findDefaultExecutable(ChromeDriverService.java:137)
	at org.openqa.selenium.remote.service.DriverService$Builder.build(DriverService.java:296)
	at org.openqa.selenium.chrome.ChromeDriverService.createDefaultService(ChromeDriverService.java:88)
	at org.openqa.selenium.chrome.ChromeDriver.<init>(ChromeDriver.java:116)
	at com.testng.BrowserClass.getBrowser(BrowserClass.java:23)
	at com.testng.TestB.setUp(TestB.java:19)
... Removed 23 stack frames]]>
    </failure>
  </testcase> <!-- @BeforeClass setUp -->
  <testcase name="@AfterClass tearDown" time="0.0" classname="com.testng.TestB">
    <skipped/>
  </testcase> <!-- @AfterClass tearDown -->
  <testcase name="@BeforeClass setUp" time="0.0" classname="com.testng.TestC">
    <failure type="java.lang.IllegalStateException" message="The driver executable does not exist: F:\SeleniumPrograms\TestNg\lib\IEDriverServer.exe">
      <![CDATA[java.lang.IllegalStateException: The driver executable does not exist: F:\SeleniumPrograms\TestNg\lib\IEDriverServer.exe
	at com.google.common.base.Preconditions.checkState(Preconditions.java:199)
	at org.openqa.selenium.remote.service.DriverService.checkExecutable(DriverService.java:121)
	at org.openqa.selenium.remote.service.DriverService.findExecutable(DriverService.java:116)
	at org.openqa.selenium.ie.InternetExplorerDriverService.access$0(InternetExplorerDriverService.java:1)
	at org.openqa.selenium.ie.InternetExplorerDriverService$Builder.findDefaultExecutable(InternetExplorerDriverService.java:167)
	at org.openqa.selenium.remote.service.DriverService$Builder.build(DriverService.java:296)
	at org.openqa.selenium.ie.InternetExplorerDriver.setupService(InternetExplorerDriver.java:251)
	at org.openqa.selenium.ie.InternetExplorerDriver.<init>(InternetExplorerDriver.java:172)
	at org.openqa.selenium.ie.InternetExplorerDriver.<init>(InternetExplorerDriver.java:146)
	at com.testng.BrowserClass.getBrowser(BrowserClass.java:27)
	at com.testng.TestC.setUp(TestC.java:19)
... Removed 23 stack frames]]>
    </failure>
  </testcase> <!-- @BeforeClass setUp -->
  <testcase name="@AfterClass tearDown" time="0.0" classname="com.testng.TestC">
    <skipped/>
  </testcase> <!-- @AfterClass tearDown -->
  <testcase name="testGooglePageTitleInFirefox" time="0.001" classname="com.testng.TestA">
    <skipped/>
  </testcase> <!-- testGooglePageTitleInFirefox -->
  <testcase name="testGooglePageTitleInFirefox" time="0.001" classname="com.testng.TestB">
    <skipped/>
  </testcase> <!-- testGooglePageTitleInFirefox -->
  <testcase name="testGooglePageTitleInFirefox" time="0.0" classname="com.testng.TestC">
    <skipped/>
  </testcase> <!-- testGooglePageTitleInFirefox -->
</testsuite> <!-- Test -->
