<html>
<head>
<title>TestNG:  Test</title>
<link href="../testng.css" rel="stylesheet" type="text/css" />
<link href="../my-testng.css" rel="stylesheet" type="text/css" />

<style type="text/css">
.log { display: none;} 
.stack-trace { display: none;} 
</style>
<script type="text/javascript">
<!--
function flip(e) {
  current = e.style.display;
  if (current == 'block') {
    e.style.display = 'none';
    return 0;
  }
  else {
    e.style.display = 'block';
    return 1;
  }
}

function toggleBox(szDivId, elem, msg1, msg2)
{
  var res = -1;  if (document.getElementById) {
    res = flip(document.getElementById(szDivId));
  }
  else if (document.all) {
    // this is the way old msie versions work
    res = flip(document.all[szDivId]);
  }
  if(elem) {
    if(res == 0) elem.innerHTML = msg1; else elem.innerHTML = msg2;
  }

}

function toggleAllBoxes() {
  if (document.getElementsByTagName) {
    d = document.getElementsByTagName('div');
    for (i = 0; i < d.length; i++) {
      if (d[i].className == 'log') {
        flip(d[i]);
      }
    }
  }
}

// -->
</script>

</head>
<body>
<h2 align='center'>Test</h2><table border='1' align="center">
<tr>
<td>Tests passed/Failed/Skipped:</td><td>0/0/3</td>
</tr><tr>
<td>Started on:</td><td>Mon Feb 26 19:38:25 IST 2018</td>
</tr>
<tr><td>Total time:</td><td>59 seconds (59773 ms)</td>
</tr><tr>
<td>Included groups:</td><td></td>
</tr><tr>
<td>Excluded groups:</td><td></td>
</tr>
</table><p/>
<small><i>(Hover the method name to see the test class name)</i></small><p/>
<table width='100%' border='1' class='invocation-failed'>
<tr><td colspan='4' align='center'><b>FAILED CONFIGURATIONS</b></td></tr>
<tr><td><b>Test method</b></td>
<td width="30%"><b>Exception</b></td>
<td width="10%"><b>Time (seconds)</b></td>
<td><b>Instance</b></td>
</tr>
<tr>
<td title='com.testng.TestA.setUp()'><b>setUp</b><br>Test class: com.testng.TestA</td>
<td><div><pre>org.openqa.selenium.WebDriverException: Failed to connect to binary FirefoxBinary(C:\Program Files\Mozilla Firefox\firefox.exe) on port 7055; process output follows: 
alse,&quot;strictCompatibility&quot;:true,&quot;locales&quot;:[],&quot;targetApplications&quot;:[{&quot;id&quot;:&quot;{ec8030f7-c20a-464f-9b0e-13a3a9e97384}&quot;,&quot;minVersion&quot;:&quot;58.0.1&quot;,&quot;maxVersion&quot;:&quot;58.0.1&quot;}],&quot;targetPlatforms&quot;:[],&quot;seen&quot;:true,&quot;dependencies&quot;:[],&quot;hasEmbeddedWebExtension&quot;:false,&quot;userPermissions&quot;:null,&quot;icons&quot;:{},&quot;iconURL&quot;:&quot;chrome://browser/content/default-theme-icon.svg&quot;,&quot;icon64URL&quot;:null,&quot;blocklistState&quot;:0,&quot;blocklistURL&quot;:null,&quot;startupData&quot;:null}
1519654132114	addons.xpi	DEBUG	Updating database with changes to installed add-ons
1519654132114	addons.xpi-utils	DEBUG	Updating add-on states
1519654132145	addons.xpi	DEBUG	Registering manifest for C:\Program Files\Mozilla Firefox\browser\features\activity-stream@mozilla.org.xpi
1519654132149	addons.xpi	DEBUG	Calling bootstrap method startup on activity-stream@mozilla.org version 2018.01.04.0062-4997c81d
1519654132152	addons.xpi	DEBUG	Registering manifest for C:\Program Files\Mozilla Firefox\browser\features\aushelper@mozilla.org.xpi
1519654132153	addons.xpi	DEBUG	Calling bootstrap method startup on aushelper@mozilla.org version 2.0
1519654132231	addons.xpi	DEBUG	Registering manifest for C:\Program Files\Mozilla Firefox\browser\features\firefox@getpocket.com.xpi
1519654132234	addons.xpi	DEBUG	Calling bootstrap method startup on firefox@getpocket.com version 1.0.5
1519654132688	addons.xpi	DEBUG	Registering manifest for C:\Program Files\Mozilla Firefox\browser\features\followonsearch@mozilla.com.xpi
1519654132689	addons.xpi	DEBUG	Calling bootstrap method startup on followonsearch@mozilla.com version 0.9.6
1519654132691	addons.xpi	DEBUG	Registering manifest for C:\Program Files\Mozilla Firefox\browser\features\formautofill@mozilla.org.xpi
1519654132693	addons.xpi	DEBUG	Calling bootstrap method startup on formautofill@mozilla.org version 1.0
1519654132707	addons.xpi	DEBUG	Registering manifest for C:\Program Files\Mozilla Firefox\browser\features\onboarding@mozilla.org.xpi
1519654132709	addons.xpi	DEBUG	Calling bootstrap method startup on onboarding@mozilla.org version 1.0
1519654132710	addons.xpi	DEBUG	Registering manifest for C:\Program Files\Mozilla Firefox\browser\features\screenshots@mozilla.org.xpi
1519654132712	addons.xpi	DEBUG	Calling bootstrap method startup on screenshots@mozilla.org version 25.0.0
1519654132713	addons.xpi	DEBUG	Registering manifest for C:\Program Files\Mozilla Firefox\browser\features\shield-recipe-client@mozilla.org.xpi
1519654132715	addons.xpi	DEBUG	Calling bootstrap method startup on shield-recipe-client@mozilla.org version 76.1
1519654132736	addons.xpi	DEBUG	Registering manifest for C:\Program Files\Mozilla Firefox\browser\features\webcompat@mozilla.org.xpi
1519654132738	addons.xpi	DEBUG	Calling bootstrap method startup on webcompat@mozilla.org version 1.1
1519654132757	addons.manager	DEBUG	Registering shutdown blocker for XPIProvider
1519654132758	addons.manager	DEBUG	Provider finished startup: XPIProvider
1519654132758	addons.manager	DEBUG	Starting provider: LightweightThemeManager
1519654132758	addons.manager	DEBUG	Registering shutdown blocker for LightweightThemeManager
1519654132759	addons.manager	DEBUG	Provider finished startup: LightweightThemeManager
1519654132760	addons.manager	DEBUG	Starting provider: GMPProvider
1519654132819	addons.manager	DEBUG	Registering shutdown blocker for GMPProvider
1519654132820	addons.manager	DEBUG	Provider finished startup: GMPProvider
1519654132820	addons.manager	DEBUG	Starting provider: PluginProvider
1519654132821	addons.manager	DEBUG	Registering shutdown blocker for PluginProvider
1519654132821	addons.manager	DEBUG	Provider finished startup: PluginProvider
1519654132823	addons.manager	DEBUG	Completed startup sequence
Unable to read VR Path Registry from C:\Users\Neeraj Jaswal\AppData\Local\openvr\openvrpaths.vrpath
Unable to read VR Path Registry from C:\Users\Neeraj Jaswal\AppData\Local\openvr\openvrpaths.vrpath
Unable to read VR Path Registry from C:\Users\Neeraj Jaswal\AppData\Local\openvr\openvrpaths.vrpath
Unable to read VR Path Registry from C:\Users\Neeraj Jaswal\AppData\Local\openvr\openvrpaths.vrpath

Build info: version: &apos;2.52.0&apos;, revision: &apos;4c2593c&apos;, time: &apos;2016-02-11 19:06:42&apos;
System info: host: &apos;Neeraj-PC&apos;, ip: &apos;192.168.0.105&apos;, os.name: &apos;Windows 10&apos;, os.arch: &apos;amd64&apos;, os.version: &apos;10.0&apos;, java.version: &apos;1.8.0_151&apos;
Driver info: driver.version: FirefoxDriver
	at org.openqa.selenium.firefox.internal.NewProfileExtensionConnection.start(NewProfileExtensionConnection.java:124)
	at org.openqa.selenium.firefox.FirefoxDriver.startClient(FirefoxDriver.java:271)
	at org.openqa.selenium.remote.RemoteWebDriver.&lt;init&gt;(RemoteWebDriver.java:119)
	at org.openqa.selenium.firefox.FirefoxDriver.&lt;init&gt;(FirefoxDriver.java:218)
	at org.openqa.selenium.firefox.FirefoxDriver.&lt;init&gt;(FirefoxDriver.java:211)
	at org.openqa.selenium.firefox.FirefoxDriver.&lt;init&gt;(FirefoxDriver.java:207)
	at org.openqa.selenium.firefox.FirefoxDriver.&lt;init&gt;(FirefoxDriver.java:120)
	at com.testng.BrowserClass.getBrowser(BrowserClass.java:19)
	at com.testng.TestA.setUp(TestA.java:19)
Caused by: org.openqa.selenium.firefox.NotConnectedException: Unable to connect to host 127.0.0.1 on port 7055 after 45000 ms. Firefox console output:
alse,&quot;strictCompatibility&quot;:true,&quot;locales&quot;:[],&quot;targetApplications&quot;:[{&quot;id&quot;:&quot;{ec8030f7-c20a-464f-9b0e-13a3a9e97384}&quot;,&quot;minVersion&quot;:&quot;58.0.1&quot;,&quot;maxVersion&quot;:&quot;58.0.1&quot;}],&quot;targetPlatforms&quot;:[],&quot;seen&quot;:true,&quot;dependencies&quot;:[],&quot;hasEmbeddedWebExtension&quot;:false,&quot;userPermissions&quot;:null,&quot;icons&quot;:{},&quot;iconURL&quot;:&quot;chrome://browser/content/default-theme-icon.svg&quot;,&quot;icon64URL&quot;:null,&quot;blocklistState&quot;:0,&quot;blocklistURL&quot;:null,&quot;startupData&quot;:null}
1519654132114	addons.xpi	DEBUG	Updating database with changes to installed add-ons
1519654132114	addons.xpi-utils	DEBUG	Updating add-on states
1519654132145	addons.xpi	DEBUG	Registering manifest for C:\Program Files\Mozilla Firefox\browser\features\activity-stream@mozilla.org.xpi
1519654132149	addons.xpi	DEBUG	Calling bootstrap method startup on activity-stream@mozilla.org version 2018.01.04.0062-4997c81d
1519654132152	addons.xpi	DEBUG	Registering manifest for C:\Program Files\Mozilla Firefox\browser\features\aushelper@mozilla.org.xpi
1519654132153	addons.xpi	DEBUG	Calling bootstrap method startup on aushelper@mozilla.org version 2.0
1519654132231	addons.xpi	DEBUG	Registering manifest for C:\Program Files\Mozilla Firefox\browser\features\firefox@getpocket.com.xpi
1519654132234	addons.xpi	DEBUG	Calling bootstrap method startup on firefox@getpocket.com version 1.0.5
1519654132688	addons.xpi	DEBUG	Registering manifest for C:\Program Files\Mozilla Firefox\browser\features\followonsearch@mozilla.com.xpi
1519654132689	addons.xpi	DEBUG	Calling bootstrap method startup on followonsearch@mozilla.com version 0.9.6
1519654132691	addons.xpi	DEBUG	Registering manifest for C:\Program Files\Mozilla Firefox\browser\features\formautofill@mozilla.org.xpi
1519654132693	addons.xpi	DEBUG	Calling bootstrap method startup on formautofill@mozilla.org version 1.0
1519654132707	addons.xpi	DEBUG	Registering manifest for C:\Program Files\Mozilla Firefox\browser\features\onboarding@mozilla.org.xpi
1519654132709	addons.xpi	DEBUG	Calling bootstrap method startup on onboarding@mozilla.org version 1.0
1519654132710	addons.xpi	DEBUG	Registering manifest for C:\Program Files\Mozilla Firefox\browser\features\screenshots@mozilla.org.xpi
1519654132712	addons.xpi	DEBUG	Calling bootstrap method startup on screenshots@mozilla.org version 25.0.0
1519654132713	addons.xpi	DEBUG	Registering manifest for C:\Program Files\Mozilla Firefox\browser\features\shield-recipe-client@mozilla.org.xpi
1519654132715	addons.xpi	DEBUG	Calling bootstrap method startup on shield-recipe-client@mozilla.org version 76.1
1519654132736	addons.xpi	DEBUG	Registering manifest for C:\Program Files\Mozilla Firefox\browser\features\webcompat@mozilla.org.xpi
1519654132738	addons.xpi	DEBUG	Calling bootstrap method startup on webcompat@mozilla.org version 1.1
1519654132757	addons.manager	DEBUG	Registering shutdown blocker for XPIProvider
1519654132758	addons.manager	DEBUG	Provider finished startup: XPIProvider
1519654132758	addons.manager	DEBUG	Starting provider: LightweightThemeManager
1519654132758	addons.manager	DEBUG	Registering shutdown blocker for LightweightThemeManager
1519654132759	addons.manager	DEBUG	Provider finished startup: LightweightThemeManager
1519654132760	addons.manager	DEBUG	Starting provider: GMPProvider
1519654132819	addons.manager	DEBUG	Registering shutdown blocker for GMPProvider
1519654132820	addons.manager	DEBUG	Provider finished startup: GMPProvider
1519654132820	addons.manager	DEBUG	Starting provider: PluginProvider
1519654132821	addons.manager	DEBUG	Registering shutdown blocker for PluginProvider
1519654132821	addons.manager	DEBUG	Provider finished startup: PluginProvider
1519654132823	addons.manager	DEBUG	Completed startup sequence
Unable to read VR Path Registry from C:\Users\Neeraj Jaswal\AppData\Local\openvr\openvrpaths.vrpath
Unable to read VR Path Registry from C:\Users\Neeraj Jaswal\AppData\Local\openvr\openvrpaths.vrpath
Unable to read VR Path Registry from C:\Users\Neeraj Jaswal\AppData\Local\openvr\openvrpaths.vrpath
Unable to read VR Path Registry from C:\Users\Neeraj Jaswal\AppData\Local\openvr\openvrpaths.vrpath

	at org.openqa.selenium.firefox.internal.NewProfileExtensionConnection.start(NewProfileExtensionConnection.java:112)
	... 31 more
... Removed 23 stack frames</pre></div><a href='#' onClick='toggleBox("stack-trace1205445235", this, "Click to show all stack frames", "Click to hide stack frames")'>Click to show all stack frames</a>
<div class='stack-trace' id='stack-trace1205445235'><pre>org.openqa.selenium.WebDriverException: Failed to connect to binary FirefoxBinary(C:\Program Files\Mozilla Firefox\firefox.exe) on port 7055; process output follows: 
alse,&quot;strictCompatibility&quot;:true,&quot;locales&quot;:[],&quot;targetApplications&quot;:[{&quot;id&quot;:&quot;{ec8030f7-c20a-464f-9b0e-13a3a9e97384}&quot;,&quot;minVersion&quot;:&quot;58.0.1&quot;,&quot;maxVersion&quot;:&quot;58.0.1&quot;}],&quot;targetPlatforms&quot;:[],&quot;seen&quot;:true,&quot;dependencies&quot;:[],&quot;hasEmbeddedWebExtension&quot;:false,&quot;userPermissions&quot;:null,&quot;icons&quot;:{},&quot;iconURL&quot;:&quot;chrome://browser/content/default-theme-icon.svg&quot;,&quot;icon64URL&quot;:null,&quot;blocklistState&quot;:0,&quot;blocklistURL&quot;:null,&quot;startupData&quot;:null}
1519654132114	addons.xpi	DEBUG	Updating database with changes to installed add-ons
1519654132114	addons.xpi-utils	DEBUG	Updating add-on states
1519654132145	addons.xpi	DEBUG	Registering manifest for C:\Program Files\Mozilla Firefox\browser\features\activity-stream@mozilla.org.xpi
1519654132149	addons.xpi	DEBUG	Calling bootstrap method startup on activity-stream@mozilla.org version 2018.01.04.0062-4997c81d
1519654132152	addons.xpi	DEBUG	Registering manifest for C:\Program Files\Mozilla Firefox\browser\features\aushelper@mozilla.org.xpi
1519654132153	addons.xpi	DEBUG	Calling bootstrap method startup on aushelper@mozilla.org version 2.0
1519654132231	addons.xpi	DEBUG	Registering manifest for C:\Program Files\Mozilla Firefox\browser\features\firefox@getpocket.com.xpi
1519654132234	addons.xpi	DEBUG	Calling bootstrap method startup on firefox@getpocket.com version 1.0.5
1519654132688	addons.xpi	DEBUG	Registering manifest for C:\Program Files\Mozilla Firefox\browser\features\followonsearch@mozilla.com.xpi
1519654132689	addons.xpi	DEBUG	Calling bootstrap method startup on followonsearch@mozilla.com version 0.9.6
1519654132691	addons.xpi	DEBUG	Registering manifest for C:\Program Files\Mozilla Firefox\browser\features\formautofill@mozilla.org.xpi
1519654132693	addons.xpi	DEBUG	Calling bootstrap method startup on formautofill@mozilla.org version 1.0
1519654132707	addons.xpi	DEBUG	Registering manifest for C:\Program Files\Mozilla Firefox\browser\features\onboarding@mozilla.org.xpi
1519654132709	addons.xpi	DEBUG	Calling bootstrap method startup on onboarding@mozilla.org version 1.0
1519654132710	addons.xpi	DEBUG	Registering manifest for C:\Program Files\Mozilla Firefox\browser\features\screenshots@mozilla.org.xpi
1519654132712	addons.xpi	DEBUG	Calling bootstrap method startup on screenshots@mozilla.org version 25.0.0
1519654132713	addons.xpi	DEBUG	Registering manifest for C:\Program Files\Mozilla Firefox\browser\features\shield-recipe-client@mozilla.org.xpi
1519654132715	addons.xpi	DEBUG	Calling bootstrap method startup on shield-recipe-client@mozilla.org version 76.1
1519654132736	addons.xpi	DEBUG	Registering manifest for C:\Program Files\Mozilla Firefox\browser\features\webcompat@mozilla.org.xpi
1519654132738	addons.xpi	DEBUG	Calling bootstrap method startup on webcompat@mozilla.org version 1.1
1519654132757	addons.manager	DEBUG	Registering shutdown blocker for XPIProvider
1519654132758	addons.manager	DEBUG	Provider finished startup: XPIProvider
1519654132758	addons.manager	DEBUG	Starting provider: LightweightThemeManager
1519654132758	addons.manager	DEBUG	Registering shutdown blocker for LightweightThemeManager
1519654132759	addons.manager	DEBUG	Provider finished startup: LightweightThemeManager
1519654132760	addons.manager	DEBUG	Starting provider: GMPProvider
1519654132819	addons.manager	DEBUG	Registering shutdown blocker for GMPProvider
1519654132820	addons.manager	DEBUG	Provider finished startup: GMPProvider
1519654132820	addons.manager	DEBUG	Starting provider: PluginProvider
1519654132821	addons.manager	DEBUG	Registering shutdown blocker for PluginProvider
1519654132821	addons.manager	DEBUG	Provider finished startup: PluginProvider
1519654132823	addons.manager	DEBUG	Completed startup sequence
Unable to read VR Path Registry from C:\Users\Neeraj Jaswal\AppData\Local\openvr\openvrpaths.vrpath
Unable to read VR Path Registry from C:\Users\Neeraj Jaswal\AppData\Local\openvr\openvrpaths.vrpath
Unable to read VR Path Registry from C:\Users\Neeraj Jaswal\AppData\Local\openvr\openvrpaths.vrpath
Unable to read VR Path Registry from C:\Users\Neeraj Jaswal\AppData\Local\openvr\openvrpaths.vrpath

Build info: version: &apos;2.52.0&apos;, revision: &apos;4c2593c&apos;, time: &apos;2016-02-11 19:06:42&apos;
System info: host: &apos;Neeraj-PC&apos;, ip: &apos;192.168.0.105&apos;, os.name: &apos;Windows 10&apos;, os.arch: &apos;amd64&apos;, os.version: &apos;10.0&apos;, java.version: &apos;1.8.0_151&apos;
Driver info: driver.version: FirefoxDriver
	at org.openqa.selenium.firefox.internal.NewProfileExtensionConnection.start(NewProfileExtensionConnection.java:124)
	at org.openqa.selenium.firefox.FirefoxDriver.startClient(FirefoxDriver.java:271)
	at org.openqa.selenium.remote.RemoteWebDriver.&lt;init&gt;(RemoteWebDriver.java:119)
	at org.openqa.selenium.firefox.FirefoxDriver.&lt;init&gt;(FirefoxDriver.java:218)
	at org.openqa.selenium.firefox.FirefoxDriver.&lt;init&gt;(FirefoxDriver.java:211)
	at org.openqa.selenium.firefox.FirefoxDriver.&lt;init&gt;(FirefoxDriver.java:207)
	at org.openqa.selenium.firefox.FirefoxDriver.&lt;init&gt;(FirefoxDriver.java:120)
	at com.testng.BrowserClass.getBrowser(BrowserClass.java:19)
	at com.testng.TestA.setUp(TestA.java:19)
	at sun.reflect.NativeMethodAccessorImpl.invoke0(Native Method)
	at sun.reflect.NativeMethodAccessorImpl.invoke(Unknown Source)
	at sun.reflect.DelegatingMethodAccessorImpl.invoke(Unknown Source)
	at java.lang.reflect.Method.invoke(Unknown Source)
	at org.testng.internal.MethodInvocationHelper.invokeMethod(MethodInvocationHelper.java:85)
	at org.testng.internal.Invoker.invokeConfigurationMethod(Invoker.java:510)
	at org.testng.internal.Invoker.invokeConfigurations(Invoker.java:211)
	at org.testng.internal.Invoker.invokeConfigurations(Invoker.java:138)
	at org.testng.internal.TestMethodWorker.invokeBeforeClassMethods(TestMethodWorker.java:170)
	at org.testng.internal.TestMethodWorker.run(TestMethodWorker.java:104)
	at org.testng.TestRunner.privateRun(TestRunner.java:774)
	at org.testng.TestRunner.run(TestRunner.java:624)
	at org.testng.SuiteRunner.runTest(SuiteRunner.java:359)
	at org.testng.SuiteRunner.runSequentially(SuiteRunner.java:354)
	at org.testng.SuiteRunner.privateRun(SuiteRunner.java:312)
	at org.testng.SuiteRunner.run(SuiteRunner.java:261)
	at org.testng.SuiteRunnerWorker.runSuite(SuiteRunnerWorker.java:52)
	at org.testng.SuiteRunnerWorker.run(SuiteRunnerWorker.java:86)
	at org.testng.TestNG.runSuitesSequentially(TestNG.java:1215)
	at org.testng.TestNG.runSuitesLocally(TestNG.java:1140)
	at org.testng.TestNG.run(TestNG.java:1048)
	at org.testng.TestNG.privateMain(TestNG.java:1355)
	at org.testng.TestNG.main(TestNG.java:1324)
Caused by: org.openqa.selenium.firefox.NotConnectedException: Unable to connect to host 127.0.0.1 on port 7055 after 45000 ms. Firefox console output:
alse,&quot;strictCompatibility&quot;:true,&quot;locales&quot;:[],&quot;targetApplications&quot;:[{&quot;id&quot;:&quot;{ec8030f7-c20a-464f-9b0e-13a3a9e97384}&quot;,&quot;minVersion&quot;:&quot;58.0.1&quot;,&quot;maxVersion&quot;:&quot;58.0.1&quot;}],&quot;targetPlatforms&quot;:[],&quot;seen&quot;:true,&quot;dependencies&quot;:[],&quot;hasEmbeddedWebExtension&quot;:false,&quot;userPermissions&quot;:null,&quot;icons&quot;:{},&quot;iconURL&quot;:&quot;chrome://browser/content/default-theme-icon.svg&quot;,&quot;icon64URL&quot;:null,&quot;blocklistState&quot;:0,&quot;blocklistURL&quot;:null,&quot;startupData&quot;:null}
1519654132114	addons.xpi	DEBUG	Updating database with changes to installed add-ons
1519654132114	addons.xpi-utils	DEBUG	Updating add-on states
1519654132145	addons.xpi	DEBUG	Registering manifest for C:\Program Files\Mozilla Firefox\browser\features\activity-stream@mozilla.org.xpi
1519654132149	addons.xpi	DEBUG	Calling bootstrap method startup on activity-stream@mozilla.org version 2018.01.04.0062-4997c81d
1519654132152	addons.xpi	DEBUG	Registering manifest for C:\Program Files\Mozilla Firefox\browser\features\aushelper@mozilla.org.xpi
1519654132153	addons.xpi	DEBUG	Calling bootstrap method startup on aushelper@mozilla.org version 2.0
1519654132231	addons.xpi	DEBUG	Registering manifest for C:\Program Files\Mozilla Firefox\browser\features\firefox@getpocket.com.xpi
1519654132234	addons.xpi	DEBUG	Calling bootstrap method startup on firefox@getpocket.com version 1.0.5
1519654132688	addons.xpi	DEBUG	Registering manifest for C:\Program Files\Mozilla Firefox\browser\features\followonsearch@mozilla.com.xpi
1519654132689	addons.xpi	DEBUG	Calling bootstrap method startup on followonsearch@mozilla.com version 0.9.6
1519654132691	addons.xpi	DEBUG	Registering manifest for C:\Program Files\Mozilla Firefox\browser\features\formautofill@mozilla.org.xpi
1519654132693	addons.xpi	DEBUG	Calling bootstrap method startup on formautofill@mozilla.org version 1.0
1519654132707	addons.xpi	DEBUG	Registering manifest for C:\Program Files\Mozilla Firefox\browser\features\onboarding@mozilla.org.xpi
1519654132709	addons.xpi	DEBUG	Calling bootstrap method startup on onboarding@mozilla.org version 1.0
1519654132710	addons.xpi	DEBUG	Registering manifest for C:\Program Files\Mozilla Firefox\browser\features\screenshots@mozilla.org.xpi
1519654132712	addons.xpi	DEBUG	Calling bootstrap method startup on screenshots@mozilla.org version 25.0.0
1519654132713	addons.xpi	DEBUG	Registering manifest for C:\Program Files\Mozilla Firefox\browser\features\shield-recipe-client@mozilla.org.xpi
1519654132715	addons.xpi	DEBUG	Calling bootstrap method startup on shield-recipe-client@mozilla.org version 76.1
1519654132736	addons.xpi	DEBUG	Registering manifest for C:\Program Files\Mozilla Firefox\browser\features\webcompat@mozilla.org.xpi
1519654132738	addons.xpi	DEBUG	Calling bootstrap method startup on webcompat@mozilla.org version 1.1
1519654132757	addons.manager	DEBUG	Registering shutdown blocker for XPIProvider
1519654132758	addons.manager	DEBUG	Provider finished startup: XPIProvider
1519654132758	addons.manager	DEBUG	Starting provider: LightweightThemeManager
1519654132758	addons.manager	DEBUG	Registering shutdown blocker for LightweightThemeManager
1519654132759	addons.manager	DEBUG	Provider finished startup: LightweightThemeManager
1519654132760	addons.manager	DEBUG	Starting provider: GMPProvider
1519654132819	addons.manager	DEBUG	Registering shutdown blocker for GMPProvider
1519654132820	addons.manager	DEBUG	Provider finished startup: GMPProvider
1519654132820	addons.manager	DEBUG	Starting provider: PluginProvider
1519654132821	addons.manager	DEBUG	Registering shutdown blocker for PluginProvider
1519654132821	addons.manager	DEBUG	Provider finished startup: PluginProvider
1519654132823	addons.manager	DEBUG	Completed startup sequence
Unable to read VR Path Registry from C:\Users\Neeraj Jaswal\AppData\Local\openvr\openvrpaths.vrpath
Unable to read VR Path Registry from C:\Users\Neeraj Jaswal\AppData\Local\openvr\openvrpaths.vrpath
Unable to read VR Path Registry from C:\Users\Neeraj Jaswal\AppData\Local\openvr\openvrpaths.vrpath
Unable to read VR Path Registry from C:\Users\Neeraj Jaswal\AppData\Local\openvr\openvrpaths.vrpath

	at org.openqa.selenium.firefox.internal.NewProfileExtensionConnection.start(NewProfileExtensionConnection.java:112)
	... 31 more
</pre></div></td>
<td>0</td>
<td>com.testng.TestA@5d3411d</td></tr>
<tr>
<td title='com.testng.TestB.setUp()'><b>setUp</b><br>Test class: com.testng.TestB</td>
<td><div><pre>java.lang.IllegalStateException: The driver executable does not exist: F:\SeleniumPrograms\TestNg\lib\chromedriver.exe
	at com.google.common.base.Preconditions.checkState(Preconditions.java:199)
	at org.openqa.selenium.remote.service.DriverService.checkExecutable(DriverService.java:121)
	at org.openqa.selenium.remote.service.DriverService.findExecutable(DriverService.java:116)
	at org.openqa.selenium.chrome.ChromeDriverService.access$0(ChromeDriverService.java:1)
	at org.openqa.selenium.chrome.ChromeDriverService$Builder.findDefaultExecutable(ChromeDriverService.java:137)
	at org.openqa.selenium.remote.service.DriverService$Builder.build(DriverService.java:296)
	at org.openqa.selenium.chrome.ChromeDriverService.createDefaultService(ChromeDriverService.java:88)
	at org.openqa.selenium.chrome.ChromeDriver.&lt;init&gt;(ChromeDriver.java:116)
	at com.testng.BrowserClass.getBrowser(BrowserClass.java:23)
	at com.testng.TestB.setUp(TestB.java:19)
... Removed 23 stack frames</pre></div><a href='#' onClick='toggleBox("stack-trace1466785259", this, "Click to show all stack frames", "Click to hide stack frames")'>Click to show all stack frames</a>
<div class='stack-trace' id='stack-trace1466785259'><pre>java.lang.IllegalStateException: The driver executable does not exist: F:\SeleniumPrograms\TestNg\lib\chromedriver.exe
	at com.google.common.base.Preconditions.checkState(Preconditions.java:199)
	at org.openqa.selenium.remote.service.DriverService.checkExecutable(DriverService.java:121)
	at org.openqa.selenium.remote.service.DriverService.findExecutable(DriverService.java:116)
	at org.openqa.selenium.chrome.ChromeDriverService.access$0(ChromeDriverService.java:1)
	at org.openqa.selenium.chrome.ChromeDriverService$Builder.findDefaultExecutable(ChromeDriverService.java:137)
	at org.openqa.selenium.remote.service.DriverService$Builder.build(DriverService.java:296)
	at org.openqa.selenium.chrome.ChromeDriverService.createDefaultService(ChromeDriverService.java:88)
	at org.openqa.selenium.chrome.ChromeDriver.&lt;init&gt;(ChromeDriver.java:116)
	at com.testng.BrowserClass.getBrowser(BrowserClass.java:23)
	at com.testng.TestB.setUp(TestB.java:19)
	at sun.reflect.NativeMethodAccessorImpl.invoke0(Native Method)
	at sun.reflect.NativeMethodAccessorImpl.invoke(Unknown Source)
	at sun.reflect.DelegatingMethodAccessorImpl.invoke(Unknown Source)
	at java.lang.reflect.Method.invoke(Unknown Source)
	at org.testng.internal.MethodInvocationHelper.invokeMethod(MethodInvocationHelper.java:85)
	at org.testng.internal.Invoker.invokeConfigurationMethod(Invoker.java:510)
	at org.testng.internal.Invoker.invokeConfigurations(Invoker.java:211)
	at org.testng.internal.Invoker.invokeConfigurations(Invoker.java:138)
	at org.testng.internal.TestMethodWorker.invokeBeforeClassMethods(TestMethodWorker.java:170)
	at org.testng.internal.TestMethodWorker.run(TestMethodWorker.java:104)
	at org.testng.TestRunner.privateRun(TestRunner.java:774)
	at org.testng.TestRunner.run(TestRunner.java:624)
	at org.testng.SuiteRunner.runTest(SuiteRunner.java:359)
	at org.testng.SuiteRunner.runSequentially(SuiteRunner.java:354)
	at org.testng.SuiteRunner.privateRun(SuiteRunner.java:312)
	at org.testng.SuiteRunner.run(SuiteRunner.java:261)
	at org.testng.SuiteRunnerWorker.runSuite(SuiteRunnerWorker.java:52)
	at org.testng.SuiteRunnerWorker.run(SuiteRunnerWorker.java:86)
	at org.testng.TestNG.runSuitesSequentially(TestNG.java:1215)
	at org.testng.TestNG.runSuitesLocally(TestNG.java:1140)
	at org.testng.TestNG.run(TestNG.java:1048)
	at org.testng.TestNG.privateMain(TestNG.java:1355)
	at org.testng.TestNG.main(TestNG.java:1324)
</pre></div></td>
<td>0</td>
<td>com.testng.TestB@2471cca7</td></tr>
<tr>
<td title='com.testng.TestC.setUp()'><b>setUp</b><br>Test class: com.testng.TestC</td>
<td><div><pre>java.lang.IllegalStateException: The driver executable does not exist: F:\SeleniumPrograms\TestNg\lib\IEDriverServer.exe
	at com.google.common.base.Preconditions.checkState(Preconditions.java:199)
	at org.openqa.selenium.remote.service.DriverService.checkExecutable(DriverService.java:121)
	at org.openqa.selenium.remote.service.DriverService.findExecutable(DriverService.java:116)
	at org.openqa.selenium.ie.InternetExplorerDriverService.access$0(InternetExplorerDriverService.java:1)
	at org.openqa.selenium.ie.InternetExplorerDriverService$Builder.findDefaultExecutable(InternetExplorerDriverService.java:167)
	at org.openqa.selenium.remote.service.DriverService$Builder.build(DriverService.java:296)
	at org.openqa.selenium.ie.InternetExplorerDriver.setupService(InternetExplorerDriver.java:251)
	at org.openqa.selenium.ie.InternetExplorerDriver.&lt;init&gt;(InternetExplorerDriver.java:172)
	at org.openqa.selenium.ie.InternetExplorerDriver.&lt;init&gt;(InternetExplorerDriver.java:146)
	at com.testng.BrowserClass.getBrowser(BrowserClass.java:27)
	at com.testng.TestC.setUp(TestC.java:19)
... Removed 23 stack frames</pre></div><a href='#' onClick='toggleBox("stack-trace2067180044", this, "Click to show all stack frames", "Click to hide stack frames")'>Click to show all stack frames</a>
<div class='stack-trace' id='stack-trace2067180044'><pre>java.lang.IllegalStateException: The driver executable does not exist: F:\SeleniumPrograms\TestNg\lib\IEDriverServer.exe
	at com.google.common.base.Preconditions.checkState(Preconditions.java:199)
	at org.openqa.selenium.remote.service.DriverService.checkExecutable(DriverService.java:121)
	at org.openqa.selenium.remote.service.DriverService.findExecutable(DriverService.java:116)
	at org.openqa.selenium.ie.InternetExplorerDriverService.access$0(InternetExplorerDriverService.java:1)
	at org.openqa.selenium.ie.InternetExplorerDriverService$Builder.findDefaultExecutable(InternetExplorerDriverService.java:167)
	at org.openqa.selenium.remote.service.DriverService$Builder.build(DriverService.java:296)
	at org.openqa.selenium.ie.InternetExplorerDriver.setupService(InternetExplorerDriver.java:251)
	at org.openqa.selenium.ie.InternetExplorerDriver.&lt;init&gt;(InternetExplorerDriver.java:172)
	at org.openqa.selenium.ie.InternetExplorerDriver.&lt;init&gt;(InternetExplorerDriver.java:146)
	at com.testng.BrowserClass.getBrowser(BrowserClass.java:27)
	at com.testng.TestC.setUp(TestC.java:19)
	at sun.reflect.NativeMethodAccessorImpl.invoke0(Native Method)
	at sun.reflect.NativeMethodAccessorImpl.invoke(Unknown Source)
	at sun.reflect.DelegatingMethodAccessorImpl.invoke(Unknown Source)
	at java.lang.reflect.Method.invoke(Unknown Source)
	at org.testng.internal.MethodInvocationHelper.invokeMethod(MethodInvocationHelper.java:85)
	at org.testng.internal.Invoker.invokeConfigurationMethod(Invoker.java:510)
	at org.testng.internal.Invoker.invokeConfigurations(Invoker.java:211)
	at org.testng.internal.Invoker.invokeConfigurations(Invoker.java:138)
	at org.testng.internal.TestMethodWorker.invokeBeforeClassMethods(TestMethodWorker.java:170)
	at org.testng.internal.TestMethodWorker.run(TestMethodWorker.java:104)
	at org.testng.TestRunner.privateRun(TestRunner.java:774)
	at org.testng.TestRunner.run(TestRunner.java:624)
	at org.testng.SuiteRunner.runTest(SuiteRunner.java:359)
	at org.testng.SuiteRunner.runSequentially(SuiteRunner.java:354)
	at org.testng.SuiteRunner.privateRun(SuiteRunner.java:312)
	at org.testng.SuiteRunner.run(SuiteRunner.java:261)
	at org.testng.SuiteRunnerWorker.runSuite(SuiteRunnerWorker.java:52)
	at org.testng.SuiteRunnerWorker.run(SuiteRunnerWorker.java:86)
	at org.testng.TestNG.runSuitesSequentially(TestNG.java:1215)
	at org.testng.TestNG.runSuitesLocally(TestNG.java:1140)
	at org.testng.TestNG.run(TestNG.java:1048)
	at org.testng.TestNG.privateMain(TestNG.java:1355)
	at org.testng.TestNG.main(TestNG.java:1324)
</pre></div></td>
<td>0</td>
<td>com.testng.TestC@5fe5c6f</td></tr>
</table><p>
<table width='100%' border='1' class='invocation-skipped'>
<tr><td colspan='4' align='center'><b>SKIPPED CONFIGURATIONS</b></td></tr>
<tr><td><b>Test method</b></td>
<td width="30%"><b>Exception</b></td>
<td width="10%"><b>Time (seconds)</b></td>
<td><b>Instance</b></td>
</tr>
<tr>
<td title='com.testng.TestA.tearDown()'><b>tearDown</b><br>Test class: com.testng.TestA</td>
<td></td>
<td>0</td>
<td>com.testng.TestA@5d3411d</td></tr>
<tr>
<td title='com.testng.TestB.tearDown()'><b>tearDown</b><br>Test class: com.testng.TestB</td>
<td></td>
<td>0</td>
<td>com.testng.TestB@2471cca7</td></tr>
<tr>
<td title='com.testng.TestC.tearDown()'><b>tearDown</b><br>Test class: com.testng.TestC</td>
<td></td>
<td>0</td>
<td>com.testng.TestC@5fe5c6f</td></tr>
</table><p>
<table width='100%' border='1' class='invocation-skipped'>
<tr><td colspan='4' align='center'><b>SKIPPED TESTS</b></td></tr>
<tr><td><b>Test method</b></td>
<td width="30%"><b>Exception</b></td>
<td width="10%"><b>Time (seconds)</b></td>
<td><b>Instance</b></td>
</tr>
<tr>
<td title='com.testng.TestA.testGooglePageTitleInFirefox()'><b>testGooglePageTitleInFirefox</b><br>Test class: com.testng.TestA</td>
<td></td>
<td>0</td>
<td>com.testng.TestA@5d3411d</td></tr>
<tr>
<td title='com.testng.TestB.testGooglePageTitleInFirefox()'><b>testGooglePageTitleInFirefox</b><br>Test class: com.testng.TestB</td>
<td></td>
<td>0</td>
<td>com.testng.TestB@2471cca7</td></tr>
<tr>
<td title='com.testng.TestC.testGooglePageTitleInFirefox()'><b>testGooglePageTitleInFirefox</b><br>Test class: com.testng.TestC</td>
<td></td>
<td>0</td>
<td>com.testng.TestC@5fe5c6f</td></tr>
</table><p>
</body>
</html>